<?xml version="1.0" encoding="UTF-8"?>
<!-- Generated by org.testng.reporters.JUnitReportReporter -->
<testsuite skipped="0" hostname="myusuf-m5530" name="com.testapp.test.LandingPageTest" tests="1" failures="0" timestamp="2021-10-10T10:10:10 BST" time="13.337" errors="0">
  <testcase name="CurrysLoginTest" time="13.337" classname="com.testapp.test.LandingPageTest"/>
  <system-out/>
</testsuite> <!-- com.testapp.test.LandingPageTest -->
